This file contains any messages produced by compilers while
running CMake, to aid debugging if configure makes a mistake.

It was created by eiquadprog CMake configuration process 1.2.9, which was
generated by CMake 3.28.3.

## --------- ##
## Platform. ##
## --------- ##

hostname = ee64a0ab91d2
system = Linux-6.12.76-linuxkit
processor = aarch64
generator = Unix Makefiles

PATH /root/.cursor-server/bin/7cf19b7482706625cdb70db3211b7dd035b7aa30/node_modules/@vscode/ripgrep/bin
PATH /root/.cursor-server/bin/7cf19b7482706625cdb70db3211b7dd035b7aa30/bin/remote-cli
PATH /opt/cargo/bin
PATH /root/.cursor-server/bin/7cf19b7482706625cdb70db3211b7dd035b7aa30/bin/remote-cli
PATH /usr/local/sbin
PATH /usr/local/bin
PATH /usr/sbin
PATH /usr/bin
PATH /sbin
PATH /bin

PKG_CONFIG_PATH undefined

## ---------------- ##
## CMake variables. ##
## ---------------- ##

CMAKE_ROOT = /usr/share/cmake-3.28
CMAKE_INCLUDE_PATH = 
CMAKE_LIBRARY_PATH = 
CMAKE_PREFIX_PATH = /sy_workspace/INEXUS/controller_source/3rd_build/install/aarch64/eigen;/sy_workspace/INEXUS/controller_source/3rd_build/install/aarch64/boost;/sy_workspace/INEXUS/controller_source/3rd_build/install/aarch64/tinyxml2;/sy_workspace/INEXUS/controller_source/3rd_build/install/aarch64/jsoncpp;/sy_workspace/INEXUS/controller_source/3rd_build/install/aarch64/console_bridge;/sy_workspace/INEXUS/controller_source/3rd_build/install/aarch64/urdfdom_headers;/sy_workspace/INEXUS/controller_source/3rd_build/install/aarch64/urdfdom;/sy_workspace/INEXUS/controller_source/3rd_build/install/aarch64/coal
CMAKE_INSTALL_ALWAYS = 
CMAKE_SKIP_RPATH = NO
CMAKE_SUPPRESS_REGENERATION = 
BUILD_SHARED_LIBS = OFF

CMAKE_INSTALL_PREFIX = /sy_workspace/INEXUS/controller_source/3rd_build/install/aarch64/eiquadprog
PROJECT_SOURCE_DIR = /sy_workspace/INEXUS/controller_source/3rd_build/sources/eiquadprog
PROJECT_SOURCE_DIR = /sy_workspace/INEXUS/controller_source/3rd_build/sources/eiquadprog
PROJECT_BINARY_DIR = /sy_workspace/INEXUS/controller_source/3rd_build/build/aarch64/eiquadprog
CMAKE_BINARY_DIR = /sy_workspace/INEXUS/controller_source/3rd_build/build/aarch64/eiquadprog

CMAKE_AR = /usr/bin/ar
CMAKE_RANLIB = /usr/bin/ranlib
CMAKE_BUILD_TYPE = Release
CMAKE_CONFIGURATION_TYPES = 
CMAKE_SHARED_LINKER_FLAGS = 

CMAKE_C_COMPILER = 
CMAKE_C_FLAGS = 
CMAKE_C_FLAGS_DEBUG = 
CMAKE_C_FLAGS_RELEASE = 
CMAKE_CXX_COMPILER = /usr/bin/c++
CMAKE_CXX_FLAGS = -pedantic -Wno-long-long -Wall -Wextra -Wcast-align -Wcast-qual -Wformat -Wwrite-strings -Wconversion 
CMAKE_CXX_FLAGS_DEBUG = -g
CMAKE_CXX_FLAGS_RELEASE = -O3 -DNDEBUG
CMAKE_CXX_FLAGS_RELWITHDEBINFO = -O2 -g -DNDEBUG

CMAKE_STATIC_LIBRARY_PREFIX = lib
CMAKE_STATIC_LIBRARY_SUFFIX = .a
CMAKE_SHARED_LIBRARY_PREFIX = lib
CMAKE_SHARED_LIBRARY_SUFFIX = .so
CMAKE_SHARED_MODULE_PREFIX = lib
CMAKE_SHARED_MODULE_SUFFIX = .so

## ------------------ ##
## Watched variables. ##
## ------------------ ##

WARNING_CXX_FLAGS = -pedantic -Wno-long-long -Wall -Wextra -Wcast-align -Wcast-qual -Wformat -Wwrite-strings -Wconversion
_PKG_CONFIG_FOUND = undefined
PKG_CONFIG_EXECUTABLE = /usr/bin/pkg-config
_PKG_CONFIG_PREFIX = ${pcfiledir}/../..
_PKG_CONFIG_EXEC_PREFIX = ${pcfiledir}/../..
_PKG_CONFIG_LIBDIR = ${pcfiledir}/../../lib
_PKG_CONFIG_BINDIR = ${pcfiledir}/../../bin
_PKG_CONFIG_PKGLIBDIR = ${pcfiledir}/../../lib/eiquadprog
_PKG_CONFIG_INCLUDEDIR = ${pcfiledir}/../../include
_PKG_CONFIG_DATAROOTDIR = ${pcfiledir}/../../share
_PKG_CONFIG_PKGDATAROOTDIR = ${pcfiledir}/../../share
_PKG_CONFIG_DOCDIR = ${pcfiledir}/../../share/doc/eiquadprog
_PKG_CONFIG_DOXYGENDOCDIR = ${pcfiledir}/../../share/doc/eiquadprog/doxygen-html
_PKG_CONFIG_PROJECT_NAME = eiquadprog
_PKG_CONFIG_DESCRIPTION = C++ reimplementation of eiquadprog
_PKG_CONFIG_URL = https://github.com/stack-of-tasks/eiquadprog
_PKG_CONFIG_VERSION = 1.2.9
_PKG_CONFIG_REQUIRES = 
_PKG_CONFIG_REQUIRES_DEBUG = 
_PKG_CONFIG_REQUIRES_OPTIMIZED = 
_PKG_CONFIG_COMPILE_TIME_REQUIRES = 
_PKG_CONFIG_CONFLICTS = 
_PKG_CONFIG_LIBS = 
_PKG_CONFIG_LIBS_DEBUG = -L${libdir}
_PKG_CONFIG_LIBS_OPTIMIZED = -L${libdir}
_PKG_CONFIG_LIBS_PRIVATE = 
_PKG_CONFIG_CFLAGS = -I${includedir}
_PKG_CONFIG_CFLAGS_DEBUG = 
_PKG_CONFIG_CFLAGS_OPTIMIZED = 
_PKG_CONFIG_FILENAME = eiquadprog.pc
PKG_CONFIG_EXTRA = 
## ---------------- ##
## Watched targets. ##
## ---------------- ##

